

LogicException: 
LogicException: 
LogicException: 
LogicException: 
LogicException: 
2023-03-09 07:12:17: Exception: 
2023-03-09 07:12:17: Exception: 
2023-03-09 07:12:17: Exception: 
2023-03-09 07:15:14 UTC: Exception: 
2023-03-09 07:15:15 UTC: Exception: 
2023-03-09 07:16:41 UTC: Exception: 
2023-03-09 07:16:41 UTC: Exception: 
2023-03-09 07:16:41 UTC: Exception: 
2023-03-09 07:16:41 UTC: Exception: 
2023-03-09 07:16:42 UTC: Exception: 
2023-03-09 07:16:42 UTC: Exception: 
2023-03-09 16:18:08 Asia/Tokyo: Exception: : ::1
2023-03-09 16:18:08 Asia/Tokyo: Exception: : ::1
2023-03-09 16:23:53 Asia/Tokyo: Exception: Hello Exception: ::1
2023-03-09 16:23:53 Asia/Tokyo: Exception: Hello Exception: ::1
2023-03-09 16:26:02 Asia/Tokyo: Exception: Hello Exception: ::1
2023-03-09 16:26:02 Asia/Tokyo: Exception: Hello Exception: ::1
2023-03-09 16:26:03 Asia/Tokyo: Exception: Hello Exception: ::1
2023-03-09 16:26:03 Asia/Tokyo: Exception: Hello Exception: ::1
2023-03-09 16:26:32 Asia/Tokyo: Exception: Hello Exception: ::1
2023-03-09 16:26:32 Asia/Tokyo: Exception: Hello Exception: ::1
2023-03-09 16:26:32 Asia/Tokyo: Exception: Hello Exception: ::1
2023-03-09 16:26:32 Asia/Tokyo: Exception: Hello Exception: ::1
2023-03-09 16:26:40 Asia/Tokyo: Exception: Hello Exception: ::1
2023-03-09 16:26:40 Asia/Tokyo: Exception: Hello Exception: ::1
2023-03-09 16:26:40 Asia/Tokyo: Exception: Hello Exception: ::1
2023-03-09 16:26:40 Asia/Tokyo: Exception: Hello Exception: ::1
2023-03-09 16:26:41 Asia/Tokyo: Exception: Hello Exception: ::1
2023-03-09 16:26:41 Asia/Tokyo: Exception: Hello Exception: ::1
2023-03-09 16:26:41 Asia/Tokyo: Exception: Hello Exception: ::1
2023-03-09 16:26:41 Asia/Tokyo: Exception: Hello Exception: ::1
2023-03-09 16:26:42 Asia/Tokyo: Exception: Hello Exception: ::1
2023-03-09 16:26:42 Asia/Tokyo: Exception: Hello Exception: ::1
2023-03-09 16:28:45 Asia/Tokyo: Exception: Hello Exception: ::1
2023-03-09 16:28:45 Asia/Tokyo: Exception: Hello Exception: ::1
2023-03-09 16:28:46 Asia/Tokyo: Exception: Hello Exception: ::1
2023-03-09 16:28:46 Asia/Tokyo: Exception: Hello Exception: ::1
2023-03-09 16:28:46 Asia/Tokyo: Exception: Hello Exception: ::1
2023-03-09 16:28:46 Asia/Tokyo: Exception: Hello Exception: ::1
2023-03-09 16:28:48 Asia/Tokyo: Exception: Hello Exception: ::1
2023-03-09 16:28:48 Asia/Tokyo: Exception: Hello Exception: ::1
2023-03-09 16:28:49 Asia/Tokyo: Exception: Hello Exception: ::1
2023-03-09 16:28:49 Asia/Tokyo: Exception: Hello Exception: ::1
2023-03-09 16:29:00 Asia/Tokyo: Exception: Hello Exception: ::1
2023-03-09 16:29:00 Asia/Tokyo: Exception: Hello Exception: ::1
2023-03-09 16:29:07 Asia/Tokyo: Exception: Hello Exception: ::1
2023-03-09 16:29:07 Asia/Tokyo: Exception: Hello Exception: ::1
2023-03-09 16:32:22 Asia/Tokyo: Exception: Hello Exception: ::1
2023-03-09 16:32:22 Asia/Tokyo: Exception: Hello Exception: ::1
2023-03-09 16:32:23 Asia/Tokyo: Exception: Hello Exception: ::1
2023-03-09 16:32:23 Asia/Tokyo: Exception: Hello Exception: ::1
2023-03-09 16:32:23 Asia/Tokyo: Exception: Hello Exception: ::1
2023-03-09 16:32:23 Asia/Tokyo: Exception: Hello Exception: ::1
